ncnn-Android-Yolov5-main/ncnn-Android-Yolov5-main/app/build/intermediates/manifest_merge_blame_file/release/manifest-merger-blame-release-report.txt
1<?xml version="1.0" encoding="utf-8"?>
2<manifest xmlns:android="http://schemas.android.com/apk/res/android"
3    package="com.tencent.nanodetncnn"
4    android:versionCode="1"
5    android:versionName="1.1" >
6
7    <uses-sdk android:minSdkVersion="24" />
7-->src\main\AndroidManifest.xml
8
9    <uses-permission android:name="android.permission.CAMERA" />
9-->src\main\AndroidManifest.xml:6:5-65
9-->src\main\AndroidManifest.xml:6:22-62
10
11    <uses-feature android:name="android.hardware.camera2.full" />
11-->src\main\AndroidManifest.xml:7:5-66
11-->src\main\AndroidManifest.xml:7:19-63
12
13    <application android:label="@string/app_name" >
13-->src\main\AndroidManifest.xml:9:5-18:19
13-->src\main\AndroidManifest.xml:9:18-50
14        <activity
14-->src\main\AndroidManifest.xml:10:9-17:20
15            android:name="com.tencent.nanodetncnn.MainActivity"
15-->src\main\AndroidManifest.xml:10:19-46
16            android:label="@string/app_name"
16-->src\main\AndroidManifest.xml:11:19-51
17            android:screenOrientation="portrait" >
17-->src\main\AndroidManifest.xml:12:19-55
18            <intent-filter>
18-->src\main\AndroidManifest.xml:13:13-16:29
19                <action android:name="android.intent.action.MAIN" />
19-->src\main\AndroidManifest.xml:14:17-69
19-->src\main\AndroidManifest.xml:14:25-66
20
21                <category android:name="android.intent.category.LAUNCHER" />
21-->src\main\AndroidManifest.xml:15:17-77
21-->src\main\AndroidManifest.xml:15:27-74
22            </intent-filter>
23        </activity>
24    </application>
25
26</manifest>